<?xml version="1.0" encoding="UTF-8" ?>
<testsuite tests="7" failures="0" name="tests.Runner" time="0.032" errors="2" skipped="1">
  <properties>
[...]
</properties>
  <testcase classname="Scenario: " name="Given open &quot;amazon.in&quot; site in &quot;chrome&quot;" time="0.004"/>
  <testcase classname="Scenario: " name="And search for product" time="0"/>
  <testcase classname="Scenario: " name="And click enter" time="0"/>
  <testcase classname="Scenario: " name="Then click on first product" time="0"/>
  <testcase classname="Scenario: " name="And add to cart" time="0.004">
    <error type="java.lang.NullPointerException">java.lang.NullPointerException
	at org.openqa.selenium.support.ui.ExpectedConditions.elementIfVisible(ExpectedConditions.java:315)
	at org.openqa.selenium.support.ui.ExpectedConditions.access$100(ExpectedConditions.java:44)
	at org.openqa.selenium.support.ui.ExpectedConditions$10.apply(ExpectedConditions.java:301)
	at org.openqa.selenium.support.ui.ExpectedConditions$10.apply(ExpectedConditions.java:298)
	at org.openqa.selenium.support.ui.FluentWait.until(FluentWait.java:260)
	at tests.GlueCodeToAddCart.add_to_cart(GlueCodeToAddCart.java:91)
	at ✽.And add to cart(src/test/resources/features/AddToCart.feature:13)
</error>
  </testcase>
  <testcase classname="Scenario: " name="Scenario: " time="0.012">
    <error type="java.lang.NullPointerException">java.lang.NullPointerException
	at org.openqa.selenium.support.ui.ExpectedConditions.elementIfVisible(ExpectedConditions.java:315)
	at org.openqa.selenium.support.ui.ExpectedConditions.access$100(ExpectedConditions.java:44)
	at org.openqa.selenium.support.ui.ExpectedConditions$10.apply(ExpectedConditions.java:301)
	at org.openqa.selenium.support.ui.ExpectedConditions$10.apply(ExpectedConditions.java:298)
	at org.openqa.selenium.support.ui.FluentWait.until(FluentWait.java:260)
	at tests.GlueCodeToAddCart.add_to_cart(GlueCodeToAddCart.java:91)
	at ✽.And add to cart(src/test/resources/features/AddToCart.feature:13)
</error>
  </testcase>
  <testcase classname="Scenario: " name="Then verify whether the product added to cart" time="0.012">
    <skipped/>
  </testcase>
</testsuite>