-------------------------------------------------------------------------------
Test set: tests.Runner
-------------------------------------------------------------------------------
Tests run: 7, Failures: 0, Errors: 2, Skipped: 1, Time elapsed: 27.573 sec <<< FAILURE!
And add to cart(Scenario: )  Time elapsed: 0.004 sec  <<< ERROR!
java.lang.NullPointerException
	at org.openqa.selenium.support.ui.ExpectedConditions.elementIfVisible(ExpectedConditions.java:315)
	at org.openqa.selenium.support.ui.ExpectedConditions.access$100(ExpectedConditions.java:44)
	at org.openqa.selenium.support.ui.ExpectedConditions$10.apply(ExpectedConditions.java:301)
	at org.openqa.selenium.support.ui.ExpectedConditions$10.apply(ExpectedConditions.java:298)
	at org.openqa.selenium.support.ui.FluentWait.until(FluentWait.java:260)
	at tests.GlueCodeToAddCart.add_to_cart(GlueCodeToAddCart.java:91)
	at ?.And add to cart(src/test/resources/features/AddToCart.feature:13)

Scenario:   Time elapsed: 0.012 sec  <<< ERROR!
java.lang.NullPointerException
	at org.openqa.selenium.support.ui.ExpectedConditions.elementIfVisible(ExpectedConditions.java:315)
	at org.openqa.selenium.support.ui.ExpectedConditions.access$100(ExpectedConditions.java:44)
	at org.openqa.selenium.support.ui.ExpectedConditions$10.apply(ExpectedConditions.java:301)
	at org.openqa.selenium.support.ui.ExpectedConditions$10.apply(ExpectedConditions.java:298)
	at org.openqa.selenium.support.ui.FluentWait.until(FluentWait.java:260)
	at tests.GlueCodeToAddCart.add_to_cart(GlueCodeToAddCart.java:91)
	at ?.And add to cart(src/test/resources/features/AddToCart.feature:13)

